[04-Nov-2025 02:55:56 UTC] PHP Warning:  wp_update_themes(): Đã xảy ra lỗi không mong muốn. Có thể có sự cố với WordPress.org hoặc cấu hình của máy chủ. Nếu bạn tiếp tục gặp sự cố, vui lòng thử hỏi trong <a href="https://wordpress.org/support/forums/">diễn đàn hỗ trợ</a>. (WordPress không thể thiết lập kết nối an toàn tới WordPress.org. Vui lòng liên hệ quản trị máy chủ của bạn.) in /home/demoip/demo.ichphe.vn/wp-includes/functions.php on line 6121
[04-Nov-2025 02:56:00 UTC] === VQ Checkout: admin_scripts called ===
[04-Nov-2025 02:56:00 UTC] Hook: plugins.php
[04-Nov-2025 02:56:00 UTC] GET params: Array
(
    [activate] => true
    [plugin_status] => all
    [paged] => 1
    [s] => 
)

[04-Nov-2025 02:56:03 UTC] === VQ Checkout: admin_scripts called ===
[04-Nov-2025 02:56:03 UTC] Hook: woocommerce_page_vq-checkout-settings
[04-Nov-2025 02:56:03 UTC] GET params: Array
(
    [page] => vq-checkout-settings
)

[04-Nov-2025 02:56:03 UTC] VQ Checkout: Loading settings page
[04-Nov-2025 02:56:03 UTC] VQ Checkout: Saved settings from DB: Array
(
    [phone_vn_validation] => 1
    [enable_gender] => 1
    [not_required_email] => 1
    [show_postcode] => 0
    [show_country] => 0
    [show_last_name] => 0
    [optimize_field_order] => 1
    [convert_price_text] => 0
    [to_vnd] => 0
    [remove_method_title] => 1
    [freeship_remove_other_method] => 0
    [paypal_conversion_enabled] => 0
    [paypal_exchange_rate] => 25000
    [autofill_enabled] => 1
    [anti_spam_enabled] => 1
    [recaptcha_enabled] => 0
    [recaptcha_site_key] => 
    [recaptcha_secret_key] => 
    [blocked_ips] => 
    [blocked_keywords] => 
    [max_orders_per_hour] => 5
)

[04-Nov-2025 02:56:03 UTC] VQ Checkout: Merged settings (after wp_parse_args): Array
(
    [phone_vn_validation] => 1
    [enable_gender] => 1
    [not_required_email] => 1
    [show_postcode] => 0
    [show_country] => 0
    [show_last_name] => 0
    [optimize_field_order] => 1
    [convert_price_text] => 0
    [to_vnd] => 0
    [remove_method_title] => 1
    [freeship_remove_other_method] => 0
    [paypal_conversion_enabled] => 0
    [paypal_exchange_rate] => 25000
    [autofill_enabled] => 1
    [anti_spam_enabled] => 1
    [recaptcha_enabled] => 0
    [recaptcha_site_key] => 
    [recaptcha_secret_key] => 
    [blocked_ips] => 
    [blocked_keywords] => 
    [max_orders_per_hour] => 5
)

[04-Nov-2025 02:56:08 UTC] VQ Checkout: Sanitize settings called
[04-Nov-2025 02:56:08 UTC] VQ Checkout Input: Array
(
    [enable_gender] => 1
    [phone_vn_validation] => 1
    [not_required_email] => 1
    [paypal_exchange_rate] => 25000
    [remove_method_title] => 1
    [autofill_enabled] => 1
    [anti_spam_enabled] => 1
    [recaptcha_site_key] => 
    [recaptcha_secret_key] => 
    [blocked_ips] => 
    [blocked_keywords] => 
    [max_orders_per_hour] => 5
)

[04-Nov-2025 02:56:08 UTC] VQ Checkout: Sanitize function returning: Array
(
    [phone_vn_validation] => 1
    [enable_gender] => 1
    [not_required_email] => 1
    [show_postcode] => 0
    [show_country] => 0
    [show_last_name] => 0
    [optimize_field_order] => 0
    [convert_price_text] => 0
    [to_vnd] => 0
    [remove_method_title] => 1
    [freeship_remove_other_method] => 0
    [paypal_conversion_enabled] => 0
    [paypal_exchange_rate] => 25000
    [autofill_enabled] => 1
    [anti_spam_enabled] => 1
    [recaptcha_enabled] => 0
    [recaptcha_site_key] => 
    [recaptcha_secret_key] => 
    [blocked_ips] => 
    [blocked_keywords] => 
    [max_orders_per_hour] => 5
)

[04-Nov-2025 02:56:08 UTC] VQ Checkout: Sanitize called recursively, returning input as-is to break loop
[04-Nov-2025 02:56:08 UTC] VQ Checkout: Forced update_option() called
[04-Nov-2025 02:56:08 UTC] === VQ Checkout: admin_scripts called ===
[04-Nov-2025 02:56:08 UTC] Hook: woocommerce_page_vq-checkout-settings
[04-Nov-2025 02:56:08 UTC] GET params: Array
(
    [page] => vq-checkout-settings
    [settings-updated] => true
)

[04-Nov-2025 02:56:09 UTC] VQ Checkout: Loading settings page
[04-Nov-2025 02:56:09 UTC] VQ Checkout: Saved settings from DB: Array
(
    [phone_vn_validation] => 1
    [enable_gender] => 1
    [not_required_email] => 1
    [show_postcode] => 0
    [show_country] => 0
    [show_last_name] => 0
    [optimize_field_order] => 0
    [convert_price_text] => 0
    [to_vnd] => 0
    [remove_method_title] => 1
    [freeship_remove_other_method] => 0
    [paypal_conversion_enabled] => 0
    [paypal_exchange_rate] => 25000
    [autofill_enabled] => 1
    [anti_spam_enabled] => 1
    [recaptcha_enabled] => 0
    [recaptcha_site_key] => 
    [recaptcha_secret_key] => 
    [blocked_ips] => 
    [blocked_keywords] => 
    [max_orders_per_hour] => 5
)

[04-Nov-2025 02:56:09 UTC] VQ Checkout: Merged settings (after wp_parse_args): Array
(
    [phone_vn_validation] => 1
    [enable_gender] => 1
    [not_required_email] => 1
    [show_postcode] => 0
    [show_country] => 0
    [show_last_name] => 0
    [optimize_field_order] => 0
    [convert_price_text] => 0
    [to_vnd] => 0
    [remove_method_title] => 1
    [freeship_remove_other_method] => 0
    [paypal_conversion_enabled] => 0
    [paypal_exchange_rate] => 25000
    [autofill_enabled] => 1
    [anti_spam_enabled] => 1
    [recaptcha_enabled] => 0
    [recaptcha_site_key] => 
    [recaptcha_secret_key] => 
    [blocked_ips] => 
    [blocked_keywords] => 
    [max_orders_per_hour] => 5
)

[04-Nov-2025 02:56:15 UTC] VQ Checkout: Sanitize settings called
[04-Nov-2025 02:56:15 UTC] VQ Checkout Input: Array
(
    [enable_gender] => 1
    [phone_vn_validation] => 1
    [not_required_email] => 1
    [convert_price_text] => 1
    [paypal_exchange_rate] => 25000
    [remove_method_title] => 1
    [freeship_remove_other_method] => 1
    [autofill_enabled] => 1
    [anti_spam_enabled] => 1
    [recaptcha_site_key] => 
    [recaptcha_secret_key] => 
    [blocked_ips] => 
    [blocked_keywords] => 
    [max_orders_per_hour] => 5
)

[04-Nov-2025 02:56:15 UTC] VQ Checkout: Sanitize function returning: Array
(
    [phone_vn_validation] => 1
    [enable_gender] => 1
    [not_required_email] => 1
    [show_postcode] => 0
    [show_country] => 0
    [show_last_name] => 0
    [optimize_field_order] => 0
    [convert_price_text] => 1
    [to_vnd] => 0
    [remove_method_title] => 1
    [freeship_remove_other_method] => 1
    [paypal_conversion_enabled] => 0
    [paypal_exchange_rate] => 25000
    [autofill_enabled] => 1
    [anti_spam_enabled] => 1
    [recaptcha_enabled] => 0
    [recaptcha_site_key] => 
    [recaptcha_secret_key] => 
    [blocked_ips] => 
    [blocked_keywords] => 
    [max_orders_per_hour] => 5
)

[04-Nov-2025 02:56:15 UTC] VQ Checkout: Sanitize called recursively, returning input as-is to break loop
[04-Nov-2025 02:56:15 UTC] VQ Checkout: Forced update_option() called
[04-Nov-2025 02:56:16 UTC] === VQ Checkout: admin_scripts called ===
[04-Nov-2025 02:56:16 UTC] Hook: woocommerce_page_vq-checkout-settings
[04-Nov-2025 02:56:16 UTC] GET params: Array
(
    [page] => vq-checkout-settings
    [settings-updated] => true
)

[04-Nov-2025 02:56:16 UTC] VQ Checkout: Loading settings page
[04-Nov-2025 02:56:16 UTC] VQ Checkout: Saved settings from DB: Array
(
    [phone_vn_validation] => 1
    [enable_gender] => 1
    [not_required_email] => 1
    [show_postcode] => 0
    [show_country] => 0
    [show_last_name] => 0
    [optimize_field_order] => 0
    [convert_price_text] => 1
    [to_vnd] => 0
    [remove_method_title] => 1
    [freeship_remove_other_method] => 1
    [paypal_conversion_enabled] => 0
    [paypal_exchange_rate] => 25000
    [autofill_enabled] => 1
    [anti_spam_enabled] => 1
    [recaptcha_enabled] => 0
    [recaptcha_site_key] => 
    [recaptcha_secret_key] => 
    [blocked_ips] => 
    [blocked_keywords] => 
    [max_orders_per_hour] => 5
)

[04-Nov-2025 02:56:16 UTC] VQ Checkout: Merged settings (after wp_parse_args): Array
(
    [phone_vn_validation] => 1
    [enable_gender] => 1
    [not_required_email] => 1
    [show_postcode] => 0
    [show_country] => 0
    [show_last_name] => 0
    [optimize_field_order] => 0
    [convert_price_text] => 1
    [to_vnd] => 0
    [remove_method_title] => 1
    [freeship_remove_other_method] => 1
    [paypal_conversion_enabled] => 0
    [paypal_exchange_rate] => 25000
    [autofill_enabled] => 1
    [anti_spam_enabled] => 1
    [recaptcha_enabled] => 0
    [recaptcha_site_key] => 
    [recaptcha_secret_key] => 
    [blocked_ips] => 
    [blocked_keywords] => 
    [max_orders_per_hour] => 5
)

[04-Nov-2025 02:56:25 UTC] === VQ Checkout: admin_scripts called ===
[04-Nov-2025 02:56:25 UTC] Hook: woocommerce_page_wc-settings
[04-Nov-2025 02:56:25 UTC] GET params: Array
(
    [page] => wc-settings
)

[04-Nov-2025 02:56:25 UTC] VQ Checkout: ENQUEUING shipping scripts (WC settings page)
[04-Nov-2025 02:56:32 UTC] === VQ Checkout: admin_scripts called ===
[04-Nov-2025 02:56:32 UTC] Hook: woocommerce_page_wc-settings
[04-Nov-2025 02:56:32 UTC] GET params: Array
(
    [page] => wc-settings
    [tab] => shipping
)

[04-Nov-2025 02:56:32 UTC] VQ Checkout: ENQUEUING shipping scripts (WC settings page)
[04-Nov-2025 02:58:20 UTC] === VQ Checkout: admin_scripts called ===
[04-Nov-2025 02:58:20 UTC] Hook: woocommerce_page_wc-settings
[04-Nov-2025 02:58:20 UTC] GET params: Array
(
    [page] => wc-settings
    [tab] => shipping
)

[04-Nov-2025 02:58:20 UTC] VQ Checkout: ENQUEUING shipping scripts (WC settings page)
[04-Nov-2025 03:00:37 UTC] === VQ Checkout: admin_scripts called ===
[04-Nov-2025 03:00:37 UTC] Hook: woocommerce_page_wc-settings
[04-Nov-2025 03:00:37 UTC] GET params: Array
(
    [page] => wc-settings
    [tab] => shipping
    [zone_id] => new
)

[04-Nov-2025 03:00:37 UTC] VQ Checkout: ENQUEUING shipping scripts (WC settings page)
[04-Nov-2025 03:00:59 UTC] === VQ Checkout: admin_scripts called ===
[04-Nov-2025 03:00:59 UTC] Hook: woocommerce_page_wc-settings
[04-Nov-2025 03:00:59 UTC] GET params: Array
(
    [page] => wc-settings
    [tab] => shipping
    [instance_id] => 59
)

[04-Nov-2025 03:00:59 UTC] VQ Checkout: ENQUEUING shipping scripts (WC settings page)
[04-Nov-2025 03:00:59 UTC] VQ Checkout: admin_options called
[04-Nov-2025 03:00:59 UTC] VQ Checkout: instance_form_fields = Array
(
    [title] => Array
        (
            [title] => Tiêu đề phương thức
            [type] => text
            [description] => Tiêu đề khách hàng thấy tại checkout.
            [default] => Phí vận chuyển tới Xã/Phường
            [desc_tip] => 1
        )

    [fee] => Array
        (
            [title] => Phụ thu
            [type] => text
            [description] => Phụ thu thêm (nếu có).
            [default] => 0
            [desc_tip] => 1
        )

    [cost] => Array
        (
            [title] => Phí vận chuyển mặc định
            [type] => text
            [description] => Phí vận chuyển mặc định cho tất cả xã/phường.
            [default] => 0
            [desc_tip] => 1
        )

)

[04-Nov-2025 03:00:59 UTC] VQ Checkout: Rendering conditions section
[04-Nov-2025 03:00:59 UTC] VQ Checkout: Loaded conditions: Array
(
)

[04-Nov-2025 03:00:59 UTC] VQ Checkout: Has conditions: NO
[04-Nov-2025 03:00:59 UTC] VQ Checkout: Generating ward rates table section
[04-Nov-2025 03:00:59 UTC] VQ Checkout: get_provinces_in_current_zone called
[04-Nov-2025 03:00:59 UTC] VQ Checkout: instance_id = 59
[04-Nov-2025 03:00:59 UTC] VQ Checkout: Zone object: WC_Shipping_Zone Object
(
    [id:protected] => 43
    [data:protected] => Array
        (
            [zone_name] => Hà Nội
            [zone_order] => 0
            [zone_locations] => Array
                (
                    [0] => stdClass Object
                        (
                            [code] => VN
                            [type] => country
                        )

                    [1] => stdClass Object
                        (
                            [code] => VN:HANOI
                            [type] => state
                        )

                )

        )

    [changes:protected] => Array
        (
        )

    [object_read:protected] => 1
    [object_type:protected] => shipping_zone
    [extra_data:protected] => Array
        (
        )

    [default_data:protected] => Array
        (
        )

    [data_store:protected] => WC_Data_Store Object
        (
            [instance:WC_Data_Store:private] => WC_Shipping_Zone_Data_Store Object
                (
                    [meta_type:protected] => post
                    [object_id_field_for_meta:protected] => 
                    [internal_meta_keys:protected] => Array
                        (
                        )

                    [must_exist_meta_keys:protected] => Array
                        (
                        )

                )

            [stores:WC_Data_Store:private] => Array
                (
                    [coupon] => WC_Coupon_Data_Store_CPT
                    [customer] => WC_Customer_Data_Store
                    [customer-download] => WC_Customer_Download_Data_Store
                    [customer-download-log] => WC_Customer_Download_Log_Data_Store
                    [customer-session] => WC_Customer_Data_Store_Session
                    [order] => WC_Order_Data_Store_CPT
                    [order-refund] => WC_Order_Refund_Data_Store_CPT
                    [order-item] => WC_Order_Item_Data_Store
                    [order-item-coupon] => WC_Order_Item_Coupon_Data_Store
                    [order-item-fee] => WC_Order_Item_Fee_Data_Store
                    [order-item-product] => WC_Order_Item_Product_Data_Store
                    [order-item-shipping] => WC_Order_Item_Shipping_Data_Store
                    [order-item-tax] => WC_Order_Item_Tax_Data_Store
                    [payment-token] => WC_Payment_Token_Data_Store
                    [product] => WC_Product_Data_Store_CPT
                    [product-grouped] => WC_Product_Grouped_Data_Store_CPT
                    [product-variable] => WC_Product_Variable_Data_Store_CPT
                    [product-variation] => WC_Product_Variation_Data_Store_CPT
                    [shipping-zone] => WC_Shipping_Zone_Data_Store
                    [webhook] => WC_Webhook_Data_Store
                    [report-revenue-stats] => Automattic\WooCommerce\Admin\API\Reports\Orders\Stats\DataStore
                    [report-orders] => Automattic\WooCommerce\Admin\API\Reports\Orders\DataStore
                    [report-orders-stats] => Automattic\WooCommerce\Admin\API\Reports\Orders\Stats\DataStore
                    [report-products] => Automattic\WooCommerce\Admin\API\Reports\Products\DataStore
                    [report-variations] => Automattic\WooCommerce\Admin\API\Reports\Variations\DataStore
                    [report-products-stats] => Automattic\WooCommerce\Admin\API\Reports\Products\Stats\DataStore
                    [report-variations-stats] => Automattic\WooCommerce\Admin\API\Reports\Variations\Stats\DataStore
                    [report-categories] => Automattic\WooCommerce\Admin\API\Reports\Categories\DataStore
                    [report-taxes] => Automattic\WooCommerce\Admin\API\Reports\Taxes\DataStore
                    [report-taxes-stats] => Automattic\WooCommerce\Admin\API\Reports\Taxes\Stats\DataStore
                    [report-coupons] => Automattic\WooCommerce\Admin\API\Reports\Coupons\DataStore
                    [report-coupons-stats] => Automattic\WooCommerce\Admin\API\Reports\Coupons\Stats\DataStore
                    [report-downloads] => Automattic\WooCommerce\Admin\API\Reports\Downloads\DataStore
                    [report-downloads-stats] => Automattic\WooCommerce\Admin\API\Reports\Downloads\Stats\DataStore
                    [admin-note] => Automattic\WooCommerce\Admin\Notes\DataStore
                    [report-customers] => Automattic\WooCommerce\Admin\API\Reports\Customers\DataStore
                    [report-customers-stats] => Automattic\WooCommerce\Admin\API\Reports\Customers\Stats\DataStore
                    [report-stock-stats] => Automattic\WooCommerce\Admin\API\Reports\Stock\Stats\DataStore
                )

            [current_class_name:WC_Data_Store:private] => WC_Shipping_Zone_Data_Store
            [object_type:WC_Data_Store:private] => shipping-zone
        )

    [cache_group:protected] => 
    [meta_data:protected] => 
    [legacy_datastore_props:protected] => Array
        (
        )

)

[04-Nov-2025 03:00:59 UTC] VQ Checkout: Zone locations: Array
(
    [0] => stdClass Object
        (
            [code] => VN
            [type] => country
        )

    [1] => stdClass Object
        (
            [code] => VN:HANOI
            [type] => state
        )

)

[04-Nov-2025 03:00:59 UTC] VQ Checkout: Total VN provinces available: 34
[04-Nov-2025 03:00:59 UTC] VQ Checkout: Processing location type=country, code=VN
[04-Nov-2025 03:00:59 UTC] VQ Checkout: Zone covers entire VN, returning all provinces
[04-Nov-2025 03:00:59 UTC] VQ Checkout: Ward rates HTML length: 2791
[04-Nov-2025 03:00:59 UTC] VQ Checkout: Button exists in HTML: YES
